Using pre-set license
Built from '2020.3/staging' branch; Version is '2020.3.0f1 (c7b5465681fb) revision 13088070'; Using compiler version '192528614'; Build Type 'Release'
OS: 'Windows 10 Pro; OS build 18363.1198; Version 1909; 64bit' Language: 'en' Physical Memory: 16245 MB
BatchMode: 1, IsHumanControllingUs: 0, StartBugReporterOnCrash: 0, Is64bit: 1, IsPro: 0

 COMMAND LINE ARGUMENTS:
C:\Program Files\Unity\Hub\Editor\2020.3.0f1\Editor\Unity.exe
-adb2
-batchMode
-noUpm
-name
AssetImportWorker0
-projectPath
C:/Users/Kitax/Documents/GitHub/Inbetween/Inbetween
-logFile
Logs/AssetImportWorker0.log
-srvPort
51016
Successfully changed project path to: C:/Users/Kitax/Documents/GitHub/Inbetween/Inbetween
C:/Users/Kitax/Documents/GitHub/Inbetween/Inbetween
Using Asset Import Pipeline V2.
Refreshing native plugins compatible for Editor in 24.04 ms, found 0 plugins.
Preloading 0 native plugins for Editor in 0.00 ms.
Initialize engine version: 2020.3.0f1 (c7b5465681fb)
[Subsystems] Discovering subsystems at path C:/Program Files/Unity/Hub/Editor/2020.3.0f1/Editor/Data/Resources/UnitySubsystems
[Subsystems] Discovering subsystems at path C:/Users/Kitax/Documents/GitHub/Inbetween/Inbetween/Assets
GfxDevice: creating device client; threaded=0
Direct3D:
    Version:  Direct3D 11.0 [level 11.1]
    Renderer: NVIDIA GeForce GTX 960 (ID=0x1401)
    Vendor:   
    VRAM:     4053 MB
    Driver:   27.21.14.6192
Initialize mono
Mono path[0] = 'C:/Program Files/Unity/Hub/Editor/2020.3.0f1/Editor/Data/Managed'
Mono path[1] = 'C:/Program Files/Unity/Hub/Editor/2020.3.0f1/Editor/Data/MonoBleedingEdge/lib/mono/unityjit'
Mono config path = 'C:/Program Files/Unity/Hub/Editor/2020.3.0f1/Editor/Data/MonoBleedingEdge/etc'
Using monoOptions --debugger-agent=transport=dt_socket,embedding=1,server=y,suspend=n,address=127.0.0.1:56760
Begin MonoManager ReloadAssembly
Registering precompiled unity dll's ...
Register platform support module: C:/Program Files/Unity/Hub/Editor/2020.3.0f1/Editor/Data/PlaybackEngines/WindowsStandaloneSupport/UnityEditor.WindowsStandalone.Extensions.dll
Registered in 0.001757 seconds.
Native extension for WindowsStandalone target not found
Refreshing native plugins compatible for Editor in 24.98 ms, found 0 plugins.
Preloading 0 native plugins for Editor in 0.00 ms.
Invoked RoslynAnalysisRunner static constructor.
RoslynAnalysisRunner will not be running.
RoslynAnalysisRunner has terminated.
Mono: successfully reloaded assembly
- Completed reload, in  1.123 seconds
Platform modules already initialized, skipping
Registering precompiled user dll's ...
Registered in 0.000879 seconds.
Begin MonoManager ReloadAssembly
Native extension for WindowsStandalone target not found
Refreshing native plugins compatible for Editor in 0.25 ms, found 0 plugins.
Preloading 0 native plugins for Editor in 0.00 ms.
Invoked RoslynAnalysisRunner static constructor.
RoslynAnalysisRunner will not be running.
RoslynAnalysisRunner has terminated.
Mono: successfully reloaded assembly
- Completed reload, in  0.951 seconds
Platform modules already initialized, skipping
========================================================================
Worker process is ready to serve import requests
Launched and connected shader compiler UnityShaderCompiler.exe after 0.04 seconds
Refreshing native plugins compatible for Editor in 0.24 ms, found 0 plugins.
Preloading 0 native plugins for Editor in 0.00 ms.
Unloading 1113 Unused Serialized files (Serialized files now loaded: 0)
System memory in use before: 56.9 MB.
System memory in use after: 57.0 MB.

Unloading 10 unused Assets to reduce memory usage. Loaded Objects now: 1555.
Total: 2.245600 ms (FindLiveObjects: 0.234900 ms CreateObjectMapping: 0.098200 ms MarkObjects: 1.821900 ms  DeleteObjects: 0.089300 ms)

========================================================================
Received Import Request.
  path: Assets/Scenes
  artifactKey: Guid(eb53e31f2f3b3f64aa82407d1334f1c3) Importer(815301076,1909f56bfc062723c751e8b465ee728b)
Start importing Assets/Scenes using Guid(eb53e31f2f3b3f64aa82407d1334f1c3) Importer(815301076,1909f56bfc062723c751e8b465ee728b)  -> (artifact id: '80e99fd92062f009022252a81d00e3e4') in 0.005159 seconds
  Import took 0.007270 seconds .

========================================================================
Received Import Request.
  Time since last request: 17.389215 seconds.
  path: Assets/Scenes/Splash.unity
  artifactKey: Guid(8837111fd1ab4454ea2777cf4afedfff) Importer(815301076,1909f56bfc062723c751e8b465ee728b)
Start importing Assets/Scenes/Splash.unity using Guid(8837111fd1ab4454ea2777cf4afedfff) Importer(815301076,1909f56bfc062723c751e8b465ee728b)  -> (artifact id: '1bd4cd111f68e4c30e90b1d642e5d480') in 0.010542 seconds
  Import took 0.012606 seconds .

========================================================================
Received Import Request.
  Time since last request: 9.201127 seconds.
  path: Assets/Scenes/SampleScene.unity
  artifactKey: Guid(9fc0d4010bbf28b4594072e72b8655ab) Importer(815301076,1909f56bfc062723c751e8b465ee728b)
Start importing Assets/Scenes/SampleScene.unity using Guid(9fc0d4010bbf28b4594072e72b8655ab) Importer(815301076,1909f56bfc062723c751e8b465ee728b)  -> (artifact id: '777e927d0b238e2cde0f6869e17df74c') in 0.002659 seconds
  Import took 0.004960 seconds .

========================================================================
Received Import Request.
  Time since last request: 281.060986 seconds.
  path: Assets/splash
  artifactKey: Guid(54635e04db8e31943a3db7ea715e4792) Importer(815301076,1909f56bfc062723c751e8b465ee728b)
Start importing Assets/splash using Guid(54635e04db8e31943a3db7ea715e4792) Importer(815301076,1909f56bfc062723c751e8b465ee728b)  -> (artifact id: '729b46920d5d759ff7695a05d5034f06') in 0.002616 seconds
  Import took 0.005508 seconds .

========================================================================
Received Import Request.
  Time since last request: 0.864943 seconds.
  path: Assets/splash/K
  artifactKey: Guid(cfbe4a50b371a4e4aa88ec69f4997b83) Importer(815301076,1909f56bfc062723c751e8b465ee728b)
Start importing Assets/splash/K using Guid(cfbe4a50b371a4e4aa88ec69f4997b83) Importer(815301076,1909f56bfc062723c751e8b465ee728b)  -> (artifact id: '31444da20a1e69e96dda589391f52ac4') in 0.002872 seconds
  Import took 0.005698 seconds .

========================================================================
Received Import Request.
  Time since last request: 0.056885 seconds.
  path: Assets/splash/K/K.blend
  artifactKey: Guid(bd5b8d3491af04940bed3b434cd0cdca) Importer(815301076,1909f56bfc062723c751e8b465ee728b)
Start importing Assets/splash/K/K.blend using Guid(bd5b8d3491af04940bed3b434cd0cdca) Importer(815301076,1909f56bfc062723c751e8b465ee728b)  -> (artifact id: '589a381e65a39dea38dd0cc11f931ef1') in 7.108841 seconds
  Import took 7.119381 seconds .

========================================================================
Received Import Request.
  Time since last request: 0.000226 seconds.
  path: Assets/splash/K/K0001-0080.avi
  artifactKey: Guid(64cde8bf8f933e44b85483b9b258e402) Importer(815301076,1909f56bfc062723c751e8b465ee728b)
Start importing Assets/splash/K/K0001-0080.avi using Guid(64cde8bf8f933e44b85483b9b258e402) Importer(815301076,1909f56bfc062723c751e8b465ee728b)  -> (artifact id: '74d99ec50961406afe45adbe1945bad5') in 0.041469 seconds
  Import took 0.043854 seconds .

========================================================================
Received Import Request.
  Time since last request: 0.000178 seconds.
  path: Assets/splash/K/K2.png
  artifactKey: Guid(37763ea32c7d4aa4ba4c042c0044daca) Importer(815301076,1909f56bfc062723c751e8b465ee728b)
Start importing Assets/splash/K/K2.png using Guid(37763ea32c7d4aa4ba4c042c0044daca) Importer(815301076,1909f56bfc062723c751e8b465ee728b)  -> (artifact id: 'a5e59c33ab6ff7f1988022445f67e119') in 0.025043 seconds
  Import took 0.027523 seconds .

========================================================================
Received Import Request.
  Time since last request: 0.000214 seconds.
  path: Assets/splash/K/K.png
  artifactKey: Guid(3da292fdc38d12b46985f69b082580af) Importer(815301076,1909f56bfc062723c751e8b465ee728b)
Start importing Assets/splash/K/K.png using Guid(3da292fdc38d12b46985f69b082580af) Importer(815301076,1909f56bfc062723c751e8b465ee728b)  -> (artifact id: '28d6b8af3b62d757649082fb18d3ade9') in 0.008837 seconds
  Import took 0.011370 seconds .

========================================================================
Received Import Request.
  Time since last request: 346.226854 seconds.
  path: Assets/splash/K/K2.png
  artifactKey: Guid(37763ea32c7d4aa4ba4c042c0044daca) Importer(815301076,1909f56bfc062723c751e8b465ee728b)
Start importing Assets/splash/K/K2.png using Guid(37763ea32c7d4aa4ba4c042c0044daca) Importer(815301076,1909f56bfc062723c751e8b465ee728b)  -> (artifact id: 'f9e61869161d77c834e8a531be8cb737') in 0.047526 seconds
  Import took 0.050455 seconds .

========================================================================
Received Prepare
Registering precompiled user dll's ...
Registered in 0.000768 seconds.
Begin MonoManager ReloadAssembly
Native extension for WindowsStandalone target not found
Refreshing native plugins compatible for Editor in 0.26 ms, found 0 plugins.
Preloading 0 native plugins for Editor in 0.00 ms.
Invoked RoslynAnalysisRunner static constructor.
RoslynAnalysisRunner will not be running.
RoslynAnalysisRunner has terminated.
Mono: successfully reloaded assembly
- Completed reload, in  0.875 seconds
Platform modules already initialized, skipping
Refreshing native plugins compatible for Editor in 0.25 ms, found 0 plugins.
Preloading 0 native plugins for Editor in 0.00 ms.
Unloading 1108 Unused Serialized files (Serialized files now loaded: 0)
System memory in use before: 62.2 MB.
System memory in use after: 62.3 MB.

Unloading 5 unused Assets to reduce memory usage. Loaded Objects now: 1603.
Total: 1.929400 ms (FindLiveObjects: 0.139200 ms CreateObjectMapping: 0.048100 ms MarkObjects: 1.671900 ms  DeleteObjects: 0.068400 ms)

========================================================================
Received Prepare
Registering precompiled user dll's ...
Registered in 0.000773 seconds.
Begin MonoManager ReloadAssembly
Native extension for WindowsStandalone target not found
Refreshing native plugins compatible for Editor in 0.25 ms, found 0 plugins.
Preloading 0 native plugins for Editor in 0.00 ms.
Invoked RoslynAnalysisRunner static constructor.
RoslynAnalysisRunner will not be running.
RoslynAnalysisRunner has terminated.
Mono: successfully reloaded assembly
- Completed reload, in  0.981 seconds
Platform modules already initialized, skipping
Refreshing native plugins compatible for Editor in 0.26 ms, found 0 plugins.
Preloading 0 native plugins for Editor in 0.00 ms.
Unloading 1108 Unused Serialized files (Serialized files now loaded: 0)
System memory in use before: 62.2 MB.
System memory in use after: 62.3 MB.

Unloading 5 unused Assets to reduce memory usage. Loaded Objects now: 1606.
Total: 1.815000 ms (FindLiveObjects: 0.144400 ms CreateObjectMapping: 0.040200 ms MarkObjects: 1.566400 ms  DeleteObjects: 0.061800 ms)

========================================================================
Received Import Request.
  Time since last request: 713.191093 seconds.
  path: Assets/splash/K/K0001-0080.mp4
  artifactKey: Guid(f6545e09d713d4346989fca3ea283c29) Importer(815301076,1909f56bfc062723c751e8b465ee728b)
Start importing Assets/splash/K/K0001-0080.mp4 using Guid(f6545e09d713d4346989fca3ea283c29) Importer(815301076,1909f56bfc062723c751e8b465ee728b)  -> (artifact id: '991bdcd7c087413f7f2505840990cceb') in 0.012151 seconds
  Import took 0.014373 seconds .

========================================================================
Received Import Request.
  Time since last request: 16.586861 seconds.
  path: Assets/splash/K/test.mp4
  artifactKey: Guid(89749a625f84cca4394c98dc2ce301c3) Importer(815301076,1909f56bfc062723c751e8b465ee728b)
Start importing Assets/splash/K/test.mp4 using Guid(89749a625f84cca4394c98dc2ce301c3) Importer(815301076,1909f56bfc062723c751e8b465ee728b)  -> (artifact id: 'db3ed9b5db0765809e0ea935e3f56dc1') in 0.002726 seconds
  Import took 0.005278 seconds .

========================================================================
Received Prepare
Registering precompiled user dll's ...
Registered in 0.000769 seconds.
Begin MonoManager ReloadAssembly
Native extension for WindowsStandalone target not found
Refreshing native plugins compatible for Editor in 0.26 ms, found 0 plugins.
Preloading 0 native plugins for Editor in 0.00 ms.
Invoked RoslynAnalysisRunner static constructor.
RoslynAnalysisRunner will not be running.
RoslynAnalysisRunner has terminated.
Mono: successfully reloaded assembly
- Completed reload, in  0.909 seconds
Platform modules already initialized, skipping
Refreshing native plugins compatible for Editor in 0.24 ms, found 0 plugins.
Preloading 0 native plugins for Editor in 0.00 ms.
Unloading 1108 Unused Serialized files (Serialized files now loaded: 0)
System memory in use before: 62.3 MB.
System memory in use after: 62.3 MB.

Unloading 5 unused Assets to reduce memory usage. Loaded Objects now: 1609.
Total: 2.110800 ms (FindLiveObjects: 0.159500 ms CreateObjectMapping: 0.043700 ms MarkObjects: 1.833100 ms  DeleteObjects: 0.071100 ms)

AssetImportWorkerClient::OnTransportError - code=2 error=End of file
